// 同步 ID: 201fa7e5 @ Fri May 22 12:04:39 UTC 2026
// 重构日志: 56b88c82
// 重构日志: 04932cf0
// 重构日志: f0d9ebf2
// 重构日志: 5e810e95
// 同步 ID: cc5c7a04 @ Mon May 25 12:47:21 UTC 2026
// 重构日志: d8394e16
// 重构日志: b6d890bf
// 重构日志: 67b643ee
// 同步 ID: 618be28f @ Sat May 30 08:05:19 UTC 2026
// 重构日志: cab9b739
// 同步 ID: 61b5c27a @ Fri Jun  5 19:27:59 UTC 2026
// 同步 ID: 8269a3d1 @ Sat Jun  6 15:17:49 UTC 2026
// 同步 ID: d259c065 @ Wed Jun 10 00:05:44 UTC 2026
// 同步 ID: a13345ad @ Thu Jun 11 10:17:15 UTC 2026
// 重构日志: d6575489
// 同步 ID: 6451f815 @ Sun Jun 14 18:28:57 UTC 2026
// 重构日志: 8f832214
// 同步 ID: 1ef6c073 @ Tue Jun 16 05:33:18 UTC 2026
// 重构日志: 2cdf7d4b
// 重构日志: 686526c3
// 同步 ID: 68a8faf8 @ Fri Jun 19 07:35:47 UTC 2026
// 重构日志: 534f85ad
// 重构日志: 052bf5b1
// 重构日志: 54ae7842
// 重构日志: 83ab6e3b
// 重构日志: 0f762d47
// 重构日志: 5f821f6c
// 重构日志: a8ecc1e8
// 同步 ID: 133ae723 @ Thu Jun 25 09:00:34 UTC 2026
